Using manifest file manifest-special.yml

Updating app fnb-backend-banking-legacy in org S1Pdemo10 / space snyk-demo as s1pcfdemo10@gmail.com...
OK

Uploading fnb-backend-banking-legacy...
Uploading app files from: /var/folders/bf/3vq2fd91553g0y58bg3x7gbh0000gn/T/unzipped-app031598570
Uploading 155.5K, 13 files
                             Done uploading
OK

Starting app fnb-backend-banking-legacy in org S1Pdemo10 / space snyk-demo as s1pcfdemo10@gmail.com...
Cell a9e19260-c172-41da-a126-36e77b5ed4a8 creating container for instance 6f4468b0-8eb3-4493-981c-7e01cf68d2af
Cell a9e19260-c172-41da-a126-36e77b5ed4a8 successfully created container for instance 6f4468b0-8eb3-4493-981c-7e01cf68d2af
Downloading app package...
Downloading build artifacts cache...
Downloaded build artifacts cache (128B)
Downloaded app package (1.6M)
[1m[31m----->[0m[22m [1m[34mJava Buildpack[0m[22m [34m47762df[0m | https://github.com/AH7/java-buildpack/#47762df
[1m[31m----->[0m[22m Downloading [1m[34mJvmkill Agent[0m[22m [34m1.16.0_RELEASE[0m from https://java-buildpack.cloudfoundry.org/jvmkill/trusty/x86_64/jvmkill-1.16.0_RELEASE.so [3m[32m(0.0s)[0m[23m
[1m[31m----->[0m[22m Downloading [1m[34mOpen Jdk JRE[0m[22m [34m1.8.0_181[0m from https://java-buildpack.cloudfoundry.org/openjdk/trusty/x86_64/openjdk-1.8.0_181.tar.gz [3m[32m(0.5s)[0m[23m
       Expanding Open Jdk JRE to .java-buildpack/open_jdk_jre [3m[32m(1.1s)[0m[23m
       JVM DNS caching disabled in lieu of BOSH DNS caching
[1m[31m----->[0m[22m Downloading [1m[34mOpen JDK Like Memory Calculator[0m[22m [34m3.13.0_RELEASE[0m from https://java-buildpack.cloudfoundry.org/memory-calculator/trusty/x86_64/memory-calculator-3.13.0_RELEASE.tar.gz [3m[32m(0.0s)[0m[23m
       Loaded Classes: 10097, Threads: 250
[1m[31m----->[0m[22m Downloading [1m[34mClient Certificate Mapper[0m[22m [34m1.8.0_RELEASE[0m from https://java-buildpack.cloudfoundry.org/client-certificate-mapper/client-certificate-mapper-1.8.0_RELEASE.jar [3m[32m(0.0s)[0m[23m
[1m[31m----->[0m[22m Downloading [1m[34mContainer Security Provider[0m[22m [34m1.16.0_RELEASE[0m from https://java-buildpack.cloudfoundry.org/container-security-provider/container-security-provider-1.16.0_RELEASE.jar [3m[32m(0.0s)[0m[23m
[Buildpack]                      ERROR Finalize failed with exception #<TypeError: no implicit conversion of nil into String>
no implicit conversion of nil into String
Failed to compile droplet: Failed to run finalize script: exit status 1
Exit status 223
Cell a9e19260-c172-41da-a126-36e77b5ed4a8 stopping instance 6f4468b0-8eb3-4493-981c-7e01cf68d2af
Cell a9e19260-c172-41da-a126-36e77b5ed4a8 destroying container for instance 6f4468b0-8eb3-4493-981c-7e01cf68d2af
Cell a9e19260-c172-41da-a126-36e77b5ed4a8 successfully destroyed container for instance 6f4468b0-8eb3-4493-981c-7e01cf68d2af

FAILED
Error restarting application: BuildpackCompileFailed

TIP: use 'cf logs fnb-backend-banking-legacy --recent' for more information
