Retrieving logs for app [36;1mfnb-backend-banking-legacy[0m in org [36;1mS1Pdemo10[0m / space [36;1msnyk-demo[0m as [36;1ms1pcfdemo10@gmail.com[0m...

   2018-09-17T11:24:53.80-0400 [API/12] OUT Created app with guid f2a73b61-b6fd-4604-97f6-ec3a3bfa2777
   2018-09-17T11:24:54.83-0400 [API/3] OUT Updated app with guid f2a73b61-b6fd-4604-97f6-ec3a3bfa2777 ({"route"=>"5a599b66-ecec-46bf-9765-acfe9a9dcaf0", :verb=>"add", :relation=>"routes", :related_guid=>"5a599b66-ecec-46bf-9765-acfe9a9dcaf0"})
   2018-09-17T11:24:57.80-0400 [API/20] OUT Uploading bits for app with guid f2a73b61-b6fd-4604-97f6-ec3a3bfa2777
   2018-09-17T11:25:03.86-0400 [API/4] OUT Creating build for app with guid f2a73b61-b6fd-4604-97f6-ec3a3bfa2777
   2018-09-17T11:25:04.44-0400 [API/4] OUT Updated app with guid f2a73b61-b6fd-4604-97f6-ec3a3bfa2777 ({"state"=>"STARTED"})
   2018-09-17T11:25:04.66-0400 [STG/0] OUT Cell a8641895-c9d8-4958-bfc6-25a2006aa8ca creating container for instance df26b220-9da1-4e26-a294-4802cc0c62c3
   2018-09-17T11:25:05.22-0400 [STG/0] OUT Cell a8641895-c9d8-4958-bfc6-25a2006aa8ca successfully created container for instance df26b220-9da1-4e26-a294-4802cc0c62c3
   2018-09-17T11:25:05.64-0400 [STG/0] OUT Downloading app package...
   2018-09-17T11:25:05.79-0400 [STG/0] OUT Downloaded app package (1.6M)
   2018-09-17T11:25:10.76-0400 [STG/0] OUT [1m[31m----->[0m[22m [1m[34mJava Buildpack[0m[22m [34m47762df[0m | https://github.com/AH7/java-buildpack#47762df
   2018-09-17T11:25:11.08-0400 [STG/0] OUT [1m[31m----->[0m[22m Downloading [1m[34mJvmkill Agent[0m[22m [34m1.16.0_RELEASE[0m from https://java-buildpack.cloudfoundry.org/jvmkill/trusty/x86_64/jvmkill-1.16.0_RELEASE.so [3m[32m(0.1s)[0m[23m
   2018-09-17T11:25:11.55-0400 [STG/0] OUT [1m[31m----->[0m[22m Downloading [1m[34mOpen Jdk JRE[0m[22m [34m1.8.0_181[0m from https://java-buildpack.cloudfoundry.org/openjdk/trusty/x86_64/openjdk-1.8.0_181.tar.gz [3m[32m(0.4s)[0m[23m
   2018-09-17T11:25:12.76-0400 [STG/0] OUT        Expanding Open Jdk JRE to .java-buildpack/open_jdk_jre [3m[32m(1.2s)[0m[23m
   2018-09-17T11:25:12.77-0400 [STG/0] OUT        JVM DNS caching disabled in lieu of BOSH DNS caching
   2018-09-17T11:25:12.85-0400 [STG/0] OUT [1m[31m----->[0m[22m Downloading [1m[34mOpen JDK Like Memory Calculator[0m[22m [34m3.13.0_RELEASE[0m from https://java-buildpack.cloudfoundry.org/memory-calculator/trusty/x86_64/memory-calculator-3.13.0_RELEASE.tar.gz [3m[32m(0.0s)[0m[23m
   2018-09-17T11:25:13.30-0400 [STG/0] OUT        Loaded Classes: 10097, Threads: 250
   2018-09-17T11:25:13.36-0400 [STG/0] OUT [1m[31m----->[0m[22m Downloading [1m[34mClient Certificate Mapper[0m[22m [34m1.8.0_RELEASE[0m from https://java-buildpack.cloudfoundry.org/client-certificate-mapper/client-certificate-mapper-1.8.0_RELEASE.jar [3m[32m(0.0s)[0m[23m
   2018-09-17T11:25:13.44-0400 [STG/0] OUT [1m[31m----->[0m[22m Downloading [1m[34mContainer Security Provider[0m[22m [34m1.16.0_RELEASE[0m from https://java-buildpack.cloudfoundry.org/container-security-provider/container-security-provider-1.16.0_RELEASE.jar [3m[32m(0.0s)[0m[23m
   [31m2018-09-17T11:25:13.44-0400 [STG/0] ERR [Buildpack]                      ERROR Finalize failed with exception #<TypeError: no implicit conversion of nil into String>[0m
   [31m2018-09-17T11:25:13.44-0400 [STG/0] ERR no implicit conversion of nil into String[0m
   [31m2018-09-17T11:25:13.45-0400 [STG/0] ERR Failed to compile droplet: Failed to run finalize script: exit status 1[0m
   2018-09-17T11:25:13.48-0400 [STG/0] OUT Exit status 223
   2018-09-17T11:25:13.77-0400 [STG/0] OUT Cell a8641895-c9d8-4958-bfc6-25a2006aa8ca stopping instance df26b220-9da1-4e26-a294-4802cc0c62c3
   2018-09-17T11:25:13.77-0400 [STG/0] OUT Cell a8641895-c9d8-4958-bfc6-25a2006aa8ca destroying container for instance df26b220-9da1-4e26-a294-4802cc0c62c3
   2018-09-17T11:25:14.73-0400 [STG/0] OUT Cell a8641895-c9d8-4958-bfc6-25a2006aa8ca successfully destroyed container for instance df26b220-9da1-4e26-a294-4802cc0c62c3
   2018-09-17T11:26:59.28-0400 [API/6] OUT Updated app with guid f2a73b61-b6fd-4604-97f6-ec3a3bfa2777 ({"name"=>"fnb-backend-banking-legacy", "instances"=>1, "memory"=>1024, "buildpack"=>"https://github.com/AH7/java-buildpack", "environment_json"=>"[PRIVATE DATA HIDDEN]"})
   2018-09-17T11:27:01.86-0400 [API/20] OUT Uploading bits for app with guid f2a73b61-b6fd-4604-97f6-ec3a3bfa2777
   2018-09-17T11:27:07.87-0400 [API/14] OUT Creating build for app with guid f2a73b61-b6fd-4604-97f6-ec3a3bfa2777
   2018-09-17T11:27:08.22-0400 [API/14] OUT Updated app with guid f2a73b61-b6fd-4604-97f6-ec3a3bfa2777 ({"state"=>"STARTED"})
   2018-09-17T11:27:08.39-0400 [STG/0] OUT Cell c1076e0d-7c6c-4ee5-96d7-5bc915a21f86 creating container for instance 7bee4fb8-ec2e-427e-bc22-1b1f5d3b56b1
   2018-09-17T11:27:08.84-0400 [STG/0] OUT Cell c1076e0d-7c6c-4ee5-96d7-5bc915a21f86 successfully created container for instance 7bee4fb8-ec2e-427e-bc22-1b1f5d3b56b1
   2018-09-17T11:27:09.07-0400 [STG/0] OUT Downloading app package...
   2018-09-17T11:27:09.28-0400 [STG/0] OUT Downloaded app package (1.6M)
   2018-09-17T11:27:13.32-0400 [STG/0] OUT [1m[31m----->[0m[22m [1m[34mJava Buildpack[0m[22m [34m47762df[0m | https://github.com/AH7/java-buildpack#47762df
   2018-09-17T11:27:13.65-0400 [STG/0] OUT [1m[31m----->[0m[22m Downloading [1m[34mJvmkill Agent[0m[22m [34m1.16.0_RELEASE[0m from https://java-buildpack.cloudfoundry.org/jvmkill/trusty/x86_64/jvmkill-1.16.0_RELEASE.so [3m[32m(0.1s)[0m[23m
   2018-09-17T11:27:14.13-0400 [STG/0] OUT [1m[31m----->[0m[22m Downloading [1m[34mOpen Jdk JRE[0m[22m [34m1.8.0_181[0m from https://java-buildpack.cloudfoundry.org/openjdk/trusty/x86_64/openjdk-1.8.0_181.tar.gz [3m[32m(0.4s)[0m[23m
   2018-09-17T11:27:15.26-0400 [STG/0] OUT        Expanding Open Jdk JRE to .java-buildpack/open_jdk_jre [3m[32m(1.1s)[0m[23m
   2018-09-17T11:27:15.26-0400 [STG/0] OUT        JVM DNS caching disabled in lieu of BOSH DNS caching
   2018-09-17T11:27:15.32-0400 [STG/0] OUT [1m[31m----->[0m[22m Downloading [1m[34mOpen JDK Like Memory Calculator[0m[22m [34m3.13.0_RELEASE[0m from https://java-buildpack.cloudfoundry.org/memory-calculator/trusty/x86_64/memory-calculator-3.13.0_RELEASE.tar.gz [3m[32m(0.0s)[0m[23m
   2018-09-17T11:27:15.73-0400 [STG/0] OUT        Loaded Classes: 10097, Threads: 250
   2018-09-17T11:27:15.79-0400 [STG/0] OUT [1m[31m----->[0m[22m Downloading [1m[34mClient Certificate Mapper[0m[22m [34m1.8.0_RELEASE[0m from https://java-buildpack.cloudfoundry.org/client-certificate-mapper/client-certificate-mapper-1.8.0_RELEASE.jar [3m[32m(0.0s)[0m[23m
   2018-09-17T11:27:15.84-0400 [STG/0] OUT [1m[31m----->[0m[22m Downloading [1m[34mContainer Security Provider[0m[22m [34m1.16.0_RELEASE[0m from https://java-buildpack.cloudfoundry.org/container-security-provider/container-security-provider-1.16.0_RELEASE.jar [3m[32m(0.0s)[0m[23m
   [31m2018-09-17T11:27:15.84-0400 [STG/0] ERR [Buildpack]                      ERROR Finalize failed with exception #<TypeError: no implicit conversion of nil into String>[0m
   [31m2018-09-17T11:27:15.84-0400 [STG/0] ERR no implicit conversion of nil into String[0m
   [31m2018-09-17T11:27:15.85-0400 [STG/0] ERR Failed to compile droplet: Failed to run finalize script: exit status 1[0m
   2018-09-17T11:27:15.88-0400 [STG/0] OUT Exit status 223
   2018-09-17T11:27:16.05-0400 [STG/0] OUT Cell c1076e0d-7c6c-4ee5-96d7-5bc915a21f86 stopping instance 7bee4fb8-ec2e-427e-bc22-1b1f5d3b56b1
   2018-09-17T11:27:16.05-0400 [STG/0] OUT Cell c1076e0d-7c6c-4ee5-96d7-5bc915a21f86 destroying container for instance 7bee4fb8-ec2e-427e-bc22-1b1f5d3b56b1
   2018-09-17T11:27:17.10-0400 [STG/0] OUT Cell c1076e0d-7c6c-4ee5-96d7-5bc915a21f86 successfully destroyed container for instance 7bee4fb8-ec2e-427e-bc22-1b1f5d3b56b1
   2018-09-17T11:29:25.64-0400 [API/19] OUT Updated app with guid f2a73b61-b6fd-4604-97f6-ec3a3bfa2777 ({"name"=>"fnb-backend-banking-legacy", "instances"=>1, "memory"=>1024, "buildpack"=>"https://github.com/AH7/java-buildpack", "environment_json"=>"[PRIVATE DATA HIDDEN]"})
   2018-09-17T11:29:27.30-0400 [API/12] OUT Uploading bits for app with guid f2a73b61-b6fd-4604-97f6-ec3a3bfa2777
   2018-09-17T11:29:33.31-0400 [API/8] OUT Creating build for app with guid f2a73b61-b6fd-4604-97f6-ec3a3bfa2777
   2018-09-17T11:29:33.84-0400 [API/8] OUT Updated app with guid f2a73b61-b6fd-4604-97f6-ec3a3bfa2777 ({"state"=>"STARTED"})
   2018-09-17T11:29:34.02-0400 [STG/0] OUT Cell 49357abe-ffcc-4f56-afd9-4e5791835dff creating container for instance c027b60a-3a6b-4c2a-9347-5d8fe8bc6f86
   2018-09-17T11:29:34.52-0400 [STG/0] OUT Cell 49357abe-ffcc-4f56-afd9-4e5791835dff successfully created container for instance c027b60a-3a6b-4c2a-9347-5d8fe8bc6f86
   2018-09-17T11:29:34.72-0400 [STG/0] OUT Downloading app package...
   2018-09-17T11:29:34.88-0400 [STG/0] OUT Downloaded app package (1.6M)
   2018-09-17T11:29:38.37-0400 [STG/0] OUT [1m[31m----->[0m[22m [1m[34mJava Buildpack[0m[22m [34m47762df[0m | https://github.com/AH7/java-buildpack#47762df
   2018-09-17T11:29:38.69-0400 [STG/0] OUT [1m[31m----->[0m[22m Downloading [1m[34mJvmkill Agent[0m[22m [34m1.16.0_RELEASE[0m from https://java-buildpack.cloudfoundry.org/jvmkill/trusty/x86_64/jvmkill-1.16.0_RELEASE.so [3m[32m(0.0s)[0m[23m
   2018-09-17T11:29:39.12-0400 [STG/0] OUT [1m[31m----->[0m[22m Downloading [1m[34mOpen Jdk JRE[0m[22m [34m1.8.0_181[0m from https://java-buildpack.cloudfoundry.org/openjdk/trusty/x86_64/openjdk-1.8.0_181.tar.gz [3m[32m(0.4s)[0m[23m
   2018-09-17T11:29:40.31-0400 [STG/0] OUT        Expanding Open Jdk JRE to .java-buildpack/open_jdk_jre [3m[32m(1.1s)[0m[23m
   2018-09-17T11:29:40.31-0400 [STG/0] OUT        JVM DNS caching disabled in lieu of BOSH DNS caching
   2018-09-17T11:29:40.41-0400 [STG/0] OUT [1m[31m----->[0m[22m Downloading [1m[34mOpen JDK Like Memory Calculator[0m[22m [34m3.13.0_RELEASE[0m from https://java-buildpack.cloudfoundry.org/memory-calculator/trusty/x86_64/memory-calculator-3.13.0_RELEASE.tar.gz [3m[32m(0.1s)[0m[23m
   2018-09-17T11:29:40.85-0400 [STG/0] OUT        Loaded Classes: 10097, Threads: 250
   2018-09-17T11:29:40.92-0400 [STG/0] OUT [1m[31m----->[0m[22m Downloading [1m[34mClient Certificate Mapper[0m[22m [34m1.8.0_RELEASE[0m from https://java-buildpack.cloudfoundry.org/client-certificate-mapper/client-certificate-mapper-1.8.0_RELEASE.jar [3m[32m(0.0s)[0m[23m
   2018-09-17T11:29:41.01-0400 [STG/0] OUT [1m[31m----->[0m[22m Downloading [1m[34mContainer Security Provider[0m[22m [34m1.16.0_RELEASE[0m from https://java-buildpack.cloudfoundry.org/container-security-provider/container-security-provider-1.16.0_RELEASE.jar [3m[32m(0.0s)[0m[23m
   [31m2018-09-17T11:29:41.01-0400 [STG/0] ERR [Buildpack]                      ERROR Finalize failed with exception #<TypeError: no implicit conversion of nil into String>[0m
   [31m2018-09-17T11:29:41.01-0400 [STG/0] ERR no implicit conversion of nil into String[0m
   [31m2018-09-17T11:29:41.02-0400 [STG/0] ERR Failed to compile droplet: Failed to run finalize script: exit status 1[0m
   2018-09-17T11:29:41.05-0400 [STG/0] OUT Exit status 223
   2018-09-17T11:29:41.25-0400 [STG/0] OUT Cell 49357abe-ffcc-4f56-afd9-4e5791835dff stopping instance c027b60a-3a6b-4c2a-9347-5d8fe8bc6f86
   2018-09-17T11:29:41.25-0400 [STG/0] OUT Cell 49357abe-ffcc-4f56-afd9-4e5791835dff destroying container for instance c027b60a-3a6b-4c2a-9347-5d8fe8bc6f86
   2018-09-17T11:29:42.13-0400 [STG/0] OUT Cell 49357abe-ffcc-4f56-afd9-4e5791835dff successfully destroyed container for instance c027b60a-3a6b-4c2a-9347-5d8fe8bc6f86
   2018-09-17T12:05:37.20-0400 [API/11] OUT Updated app with guid f2a73b61-b6fd-4604-97f6-ec3a3bfa2777 ({"name"=>"fnb-backend-banking-legacy", "instances"=>1, "memory"=>1024, "buildpack"=>"https://github.com/AH7/java-buildpack", "environment_json"=>"[PRIVATE DATA HIDDEN]"})
   2018-09-17T12:05:38.58-0400 [API/3] OUT Uploading bits for app with guid f2a73b61-b6fd-4604-97f6-ec3a3bfa2777
   2018-09-17T12:05:44.69-0400 [API/11] OUT Creating build for app with guid f2a73b61-b6fd-4604-97f6-ec3a3bfa2777
   2018-09-17T12:05:45.17-0400 [API/11] OUT Updated app with guid f2a73b61-b6fd-4604-97f6-ec3a3bfa2777 ({"state"=>"STARTED"})
   2018-09-17T12:05:45.36-0400 [STG/0] OUT Cell 79f5396a-4d50-4880-91c5-fb071bafc57e creating container for instance 9e140bea-6036-4d3e-b454-bf11a5ffa7d9
   2018-09-17T12:05:45.82-0400 [STG/0] OUT Cell 79f5396a-4d50-4880-91c5-fb071bafc57e successfully created container for instance 9e140bea-6036-4d3e-b454-bf11a5ffa7d9
   2018-09-17T12:05:46.18-0400 [STG/0] OUT Downloading app package...
   2018-09-17T12:05:46.34-0400 [STG/0] OUT Downloaded app package (1.6M)
   2018-09-17T12:05:49.60-0400 [STG/0] OUT [1m[31m----->[0m[22m [1m[34mJava Buildpack[0m[22m [34m47762df[0m | https://github.com/AH7/java-buildpack#47762df
   2018-09-17T12:05:49.88-0400 [STG/0] OUT [1m[31m----->[0m[22m Downloading [1m[34mJvmkill Agent[0m[22m [34m1.16.0_RELEASE[0m from https://java-buildpack.cloudfoundry.org/jvmkill/trusty/x86_64/jvmkill-1.16.0_RELEASE.so [3m[32m(0.0s)[0m[23m
   2018-09-17T12:05:50.35-0400 [STG/0] OUT [1m[31m----->[0m[22m Downloading [1m[34mOpen Jdk JRE[0m[22m [34m1.8.0_181[0m from https://java-buildpack.cloudfoundry.org/openjdk/trusty/x86_64/openjdk-1.8.0_181.tar.gz [3m[32m(0.4s)[0m[23m
   2018-09-17T12:05:51.52-0400 [STG/0] OUT        Expanding Open Jdk JRE to .java-buildpack/open_jdk_jre [3m[32m(1.1s)[0m[23m
   2018-09-17T12:05:51.52-0400 [STG/0] OUT        JVM DNS caching disabled in lieu of BOSH DNS caching
   2018-09-17T12:05:51.60-0400 [STG/0] OUT [1m[31m----->[0m[22m Downloading [1m[34mOpen JDK Like Memory Calculator[0m[22m [34m3.13.0_RELEASE[0m from https://java-buildpack.cloudfoundry.org/memory-calculator/trusty/x86_64/memory-calculator-3.13.0_RELEASE.tar.gz [3m[32m(0.0s)[0m[23m
   2018-09-17T12:05:52.02-0400 [STG/0] OUT        Loaded Classes: 10097, Threads: 250
   2018-09-17T12:05:52.08-0400 [STG/0] OUT [1m[31m----->[0m[22m Downloading [1m[34mClient Certificate Mapper[0m[22m [34m1.8.0_RELEASE[0m from https://java-buildpack.cloudfoundry.org/client-certificate-mapper/client-certificate-mapper-1.8.0_RELEASE.jar [3m[32m(0.0s)[0m[23m
   2018-09-17T12:05:52.14-0400 [STG/0] OUT [1m[31m----->[0m[22m Downloading [1m[34mContainer Security Provider[0m[22m [34m1.16.0_RELEASE[0m from https://java-buildpack.cloudfoundry.org/container-security-provider/container-security-provider-1.16.0_RELEASE.jar [3m[32m(0.0s)[0m[23m
   [31m2018-09-17T12:05:52.14-0400 [STG/0] ERR [Buildpack]                      ERROR Finalize failed with exception #<TypeError: no implicit conversion of nil into String>[0m
   [31m2018-09-17T12:05:52.14-0400 [STG/0] ERR no implicit conversion of nil into String[0m
   [31m2018-09-17T12:05:52.15-0400 [STG/0] ERR Failed to compile droplet: Failed to run finalize script: exit status 1[0m
   2018-09-17T12:05:52.17-0400 [STG/0] OUT Exit status 223
   2018-09-17T12:05:52.65-0400 [STG/0] OUT Cell 79f5396a-4d50-4880-91c5-fb071bafc57e stopping instance 9e140bea-6036-4d3e-b454-bf11a5ffa7d9
   2018-09-17T12:05:52.65-0400 [STG/0] OUT Cell 79f5396a-4d50-4880-91c5-fb071bafc57e destroying container for instance 9e140bea-6036-4d3e-b454-bf11a5ffa7d9
   2018-09-17T12:05:53.53-0400 [STG/0] OUT Cell 79f5396a-4d50-4880-91c5-fb071bafc57e successfully destroyed container for instance 9e140bea-6036-4d3e-b454-bf11a5ffa7d9
   2018-09-17T12:06:45.90-0400 [API/17] OUT Updated app with guid f2a73b61-b6fd-4604-97f6-ec3a3bfa2777 ({"name"=>"fnb-backend-banking-legacy", "instances"=>1, "memory"=>1024, "buildpack"=>"java_buildpack", "environment_json"=>"[PRIVATE DATA HIDDEN]"})
   2018-09-17T12:06:48.34-0400 [API/11] OUT Uploading bits for app with guid f2a73b61-b6fd-4604-97f6-ec3a3bfa2777
   2018-09-17T12:06:54.40-0400 [API/1] OUT Creating build for app with guid f2a73b61-b6fd-4604-97f6-ec3a3bfa2777
   2018-09-17T12:06:55.07-0400 [API/1] OUT Updated app with guid f2a73b61-b6fd-4604-97f6-ec3a3bfa2777 ({"state"=>"STARTED"})
   2018-09-17T12:06:55.10-0400 [STG/0] OUT Downloading java_buildpack...
   2018-09-17T12:06:55.23-0400 [STG/0] OUT Downloaded java_buildpack
   2018-09-17T12:06:55.23-0400 [STG/0] OUT Cell cd3a6a7e-8bb3-4631-a839-296095130133 creating container for instance 590f7500-5e51-457b-9ee8-8427e1b9d35b
   2018-09-17T12:06:55.72-0400 [STG/0] OUT Cell cd3a6a7e-8bb3-4631-a839-296095130133 successfully created container for instance 590f7500-5e51-457b-9ee8-8427e1b9d35b
   2018-09-17T12:06:56.06-0400 [STG/0] OUT Downloading app package...
   2018-09-17T12:06:56.24-0400 [STG/0] OUT Downloaded app package (1.6M)
   2018-09-17T12:06:57.98-0400 [STG/0] OUT [1m[31m----->[0m[22m [1m[34mJava Buildpack[0m[22m [34mv4.15[0m [34m(offline)[0m | https://github.com/cloudfoundry/java-buildpack.git#553f2c6
   2018-09-17T12:06:58.15-0400 [STG/0] OUT [1m[31m----->[0m[22m Downloading [1m[34mJvmkill Agent[0m[22m [34m1.16.0_RELEASE[0m from https://java-buildpack.cloudfoundry.org/jvmkill/trusty/x86_64/jvmkill-1.16.0_RELEASE.so [3m[32m(found in cache)[0m[23m
   2018-09-17T12:06:58.15-0400 [STG/0] OUT [1m[31m----->[0m[22m Downloading [1m[34mOpen Jdk JRE[0m[22m [34m1.8.0_181[0m from https://java-buildpack.cloudfoundry.org/openjdk/trusty/x86_64/openjdk-1.8.0_181.tar.gz [3m[32m(found in cache)[0m[23m
   2018-09-17T12:06:59.36-0400 [STG/0] OUT        Expanding Open Jdk JRE to .java-buildpack/open_jdk_jre [3m[32m(1.2s)[0m[23m
   2018-09-17T12:06:59.36-0400 [STG/0] OUT        JVM DNS caching disabled in lieu of BOSH DNS caching
   2018-09-17T12:06:59.36-0400 [STG/0] OUT [1m[31m----->[0m[22m Downloading [1m[34mOpen JDK Like Memory Calculator[0m[22m [34m3.13.0_RELEASE[0m from https://java-buildpack.cloudfoundry.org/memory-calculator/trusty/x86_64/memory-calculator-3.13.0_RELEASE.tar.gz [3m[32m(found in cache)[0m[23m
   2018-09-17T12:06:59.82-0400 [STG/0] OUT        Loaded Classes: 10097, Threads: 250
   2018-09-17T12:06:59.83-0400 [STG/0] OUT [1m[31m----->[0m[22m Downloading [1m[34mClient Certificate Mapper[0m[22m [34m1.8.0_RELEASE[0m from https://java-buildpack.cloudfoundry.org/client-certificate-mapper/client-certificate-mapper-1.8.0_RELEASE.jar [3m[32m(found in cache)[0m[23m
   2018-09-17T12:06:59.83-0400 [STG/0] OUT [1m[31m----->[0m[22m Downloading [1m[34mContainer Security Provider[0m[22m [34m1.14.0_RELEASE[0m from https://java-buildpack.cloudfoundry.org/container-security-provider/container-security-provider-1.14.0_RELEASE.jar [3m[32m(found in cache)[0m[23m
   2018-09-17T12:06:59.84-0400 [STG/0] OUT [1m[31m----->[0m[22m Downloading [1m[34mTomcat Instance[0m[22m [34m8.5.32[0m from https://java-buildpack.cloudfoundry.org/tomcat/tomcat-8.5.32.tar.gz [3m[32m(found in cache)[0m[23m
   2018-09-17T12:06:59.99-0400 [STG/0] OUT        Expanding Tomcat Instance to .java-buildpack/tomcat [3m[32m(0.1s)[0m[23m
   2018-09-17T12:06:59.99-0400 [STG/0] OUT [1m[31m----->[0m[22m Downloading [1m[34mTomcat Access Logging Support[0m[22m [34m3.2.0_RELEASE[0m from https://java-buildpack.cloudfoundry.org/tomcat-access-logging-support/tomcat-access-logging-support-3.2.0_RELEASE.jar [3m[32m(found in cache)[0m[23m
   2018-09-17T12:06:59.99-0400 [STG/0] OUT [1m[31m----->[0m[22m Downloading [1m[34mTomcat Lifecycle Support[0m[22m [34m3.2.0_RELEASE[0m from https://java-buildpack.cloudfoundry.org/tomcat-lifecycle-support/tomcat-lifecycle-support-3.2.0_RELEASE.jar [3m[32m(found in cache)[0m[23m
   2018-09-17T12:06:59.99-0400 [STG/0] OUT [1m[31m----->[0m[22m Downloading [1m[34mTomcat Logging Support[0m[22m [34m3.2.0_RELEASE[0m from https://java-buildpack.cloudfoundry.org/tomcat-logging-support/tomcat-logging-support-3.2.0_RELEASE.jar [3m[32m(found in cache)[0m[23m
   2018-09-17T12:07:09.89-0400 [STG/0] OUT Exit status 0
   2018-09-17T12:07:09.89-0400 [STG/0] OUT Uploading droplet, build artifacts cache...
   2018-09-17T12:07:09.89-0400 [STG/0] OUT Uploading droplet...
   2018-09-17T12:07:09.89-0400 [STG/0] OUT Uploading build artifacts cache...
   2018-09-17T12:07:09.94-0400 [STG/0] OUT Uploaded build artifacts cache (128B)
   2018-09-17T12:07:10.68-0400 [API/11] OUT Creating droplet for app with guid f2a73b61-b6fd-4604-97f6-ec3a3bfa2777
   2018-09-17T12:07:15.89-0400 [STG/0] OUT Uploaded droplet (54.4M)
   2018-09-17T12:07:15.90-0400 [STG/0] OUT Uploading complete
   2018-09-17T12:07:16.44-0400 [STG/0] OUT Cell cd3a6a7e-8bb3-4631-a839-296095130133 stopping instance 590f7500-5e51-457b-9ee8-8427e1b9d35b
   2018-09-17T12:07:16.44-0400 [STG/0] OUT Cell cd3a6a7e-8bb3-4631-a839-296095130133 destroying container for instance 590f7500-5e51-457b-9ee8-8427e1b9d35b
   2018-09-17T12:07:16.95-0400 [CELL/0] OUT Cell 85cc6bca-89ad-40d5-b05e-bafb6f2a8b5c creating container for instance bc52bb26-c7ad-41ff-768d-da76
   2018-09-17T12:07:17.50-0400 [CELL/0] OUT Cell 85cc6bca-89ad-40d5-b05e-bafb6f2a8b5c successfully created container for instance bc52bb26-c7ad-41ff-768d-da76
   2018-09-17T12:07:18.20-0400 [STG/0] OUT Cell cd3a6a7e-8bb3-4631-a839-296095130133 successfully destroyed container for instance 590f7500-5e51-457b-9ee8-8427e1b9d35b
   2018-09-17T12:07:20.38-0400 [CELL/0] OUT Starting health monitoring of container
   2018-09-17T12:07:20.75-0400 [APP/PROC/WEB/0] OUT JVM Memory Configuration: -Xmx458503K -Xss1M -XX:ReservedCodeCacheSize=240M -XX:MaxDirectMemorySize=10M -XX:MaxMetaspaceSize=78072K
   2018-09-17T12:07:21.76-0400 [APP/PROC/WEB/0] OUT [CONTAINER] org.apache.coyote.http11.Http11NioProtocol         INFO    Initializing ProtocolHandler ["http-nio-8080"]
   2018-09-17T12:07:21.78-0400 [APP/PROC/WEB/0] OUT [CONTAINER] org.apache.catalina.startup.Catalina               INFO    Initialization processed in 641 ms
   2018-09-17T12:07:21.79-0400 [APP/PROC/WEB/0] OUT [CONTAINER] org.apache.catalina.core.StandardService           INFO    Starting service [Catalina]
   2018-09-17T12:07:21.79-0400 [APP/PROC/WEB/0] OUT [CONTAINER] org.apache.catalina.core.StandardEngine            INFO    Starting Servlet Engine: Apache Tomcat/8.5.32
   2018-09-17T12:07:21.81-0400 [APP/PROC/WEB/0] OUT [CONTAINER] org.apache.catalina.startup.HostConfig             INFO    Deploying web application directory [/home/vcap/app/.java-buildpack/tomcat/webapps/ROOT]
   2018-09-17T12:07:22.74-0400 [APP/PROC/WEB/0] OUT [CONTAINER] org.apache.jasper.servlet.TldScanner               INFO    At least one JAR was scanned for TLDs yet contained no TLDs. Enable debug logging for this logger for a complete list of JARs that were scanned but no TLDs were found in them. Skipping unneeded JARs during scanning can improve startup time and JSP compilation time.
   2018-09-17T12:07:22.88-0400 [APP/PROC/WEB/0] OUT [CONTAINER] org.apache.struts.action.ActionServlet             INFO    Loading chain catalog from jar:file:/home/vcap/app/.java-buildpack/tomcat/webapps/ROOT/WEB-INF/lib/struts-core-1.3.10.jar!/org/apache/struts/chain/chain-config.xml
   2018-09-17T12:07:23.12-0400 [APP/PROC/WEB/0] OUT [CONTAINER] org.apache.struts.validator.ValidatorPlugIn        INFO    Loading validation rules file from '/org/apache/struts/validator/validator-rules.xml'
   2018-09-17T12:07:23.13-0400 [APP/PROC/WEB/0] OUT [CONTAINER] org.apache.struts.validator.ValidatorPlugIn        INFO    Loading validation rules file from '/WEB-INF/validation.xml'
   2018-09-17T12:07:23.35-0400 [APP/PROC/WEB/0] OUT [CONTAINER] org.apache.catalina.startup.HostConfig             INFO    Deployment of web application directory [/home/vcap/app/.java-buildpack/tomcat/webapps/ROOT] has finished in [1,542] ms
   2018-09-17T12:07:23.36-0400 [APP/PROC/WEB/0] OUT [CONTAINER] org.apache.coyote.http11.Http11NioProtocol         INFO    Starting ProtocolHandler ["http-nio-8080"]
   2018-09-17T12:07:23.37-0400 [APP/PROC/WEB/0] OUT [CONTAINER] org.apache.tomcat.util.net.NioSelectorPool         INFO    Using a shared selector for servlet write/read
   2018-09-17T12:07:23.38-0400 [APP/PROC/WEB/0] OUT [CONTAINER] org.apache.catalina.startup.Catalina               INFO    Server startup in 1600 ms
   2018-09-17T12:07:25.20-0400 [CELL/0] OUT Container became healthy
   2018-09-17T12:07:45.00-0400 [API/1] OUT Updated app with guid f2a73b61-b6fd-4604-97f6-ec3a3bfa2777 ({"name"=>"fnb-backend-banking-legacy", "instances"=>1, "memory"=>1024, "buildpack"=>"https://github.com/AH7/java-buildpack/", "environment_json"=>"[PRIVATE DATA HIDDEN]"})
   2018-09-17T12:07:46.32-0400 [API/20] OUT Uploading bits for app with guid f2a73b61-b6fd-4604-97f6-ec3a3bfa2777
   2018-09-17T12:07:52.06-0400 [CELL/0] OUT Cell 85cc6bca-89ad-40d5-b05e-bafb6f2a8b5c stopping instance bc52bb26-c7ad-41ff-768d-da76
   2018-09-17T12:07:52.07-0400 [API/4] OUT Updated app with guid f2a73b61-b6fd-4604-97f6-ec3a3bfa2777 ({"state"=>"STOPPED"})
   2018-09-17T12:07:52.27-0400 [CELL/SSHD/0] OUT Exit status 0
   2018-09-17T12:07:52.27-0400 [APP/PROC/WEB/0] OUT [CONTAINER] org.apache.coyote.http11.Http11NioProtocol         INFO    Pausing ProtocolHandler ["http-nio-8080"]
   2018-09-17T12:07:52.33-0400 [APP/PROC/WEB/0] OUT [CONTAINER] org.apache.catalina.core.StandardService           INFO    Stopping service [Catalina]
   2018-09-17T12:07:52.35-0400 [APP/PROC/WEB/0] OUT [CONTAINER] org.apache.coyote.http11.Http11NioProtocol         INFO    Stopping ProtocolHandler ["http-nio-8080"]
   2018-09-17T12:07:52.35-0400 [APP/PROC/WEB/0] OUT [CONTAINER] org.apache.coyote.http11.Http11NioProtocol         INFO    Destroying ProtocolHandler ["http-nio-8080"]
   2018-09-17T12:07:52.40-0400 [APP/PROC/WEB/0] OUT Exit status 143
   2018-09-17T12:07:52.41-0400 [CELL/0] OUT Cell 85cc6bca-89ad-40d5-b05e-bafb6f2a8b5c destroying container for instance bc52bb26-c7ad-41ff-768d-da76
   2018-09-17T12:07:52.75-0400 [API/7] OUT Creating build for app with guid f2a73b61-b6fd-4604-97f6-ec3a3bfa2777
   2018-09-17T12:07:52.93-0400 [PROXY/0] OUT Exit status 137
   2018-09-17T12:07:53.01-0400 [CELL/0] OUT Cell 85cc6bca-89ad-40d5-b05e-bafb6f2a8b5c successfully destroyed container for instance bc52bb26-c7ad-41ff-768d-da76
   2018-09-17T12:07:53.15-0400 [API/7] OUT Updated app with guid f2a73b61-b6fd-4604-97f6-ec3a3bfa2777 ({"state"=>"STARTED"})
   2018-09-17T12:07:53.42-0400 [STG/0] OUT Cell 79f5396a-4d50-4880-91c5-fb071bafc57e creating container for instance 7a39295c-fd37-478e-8521-5ea3f81f4b3d
   2018-09-17T12:07:53.89-0400 [STG/0] OUT Cell 79f5396a-4d50-4880-91c5-fb071bafc57e successfully created container for instance 7a39295c-fd37-478e-8521-5ea3f81f4b3d
   2018-09-17T12:07:54.16-0400 [STG/0] OUT Downloading app package...
   2018-09-17T12:07:54.16-0400 [STG/0] OUT Downloading build artifacts cache...
   2018-09-17T12:07:54.28-0400 [STG/0] OUT Downloaded build artifacts cache (128B)
   2018-09-17T12:07:54.33-0400 [STG/0] OUT Downloaded app package (1.6M)
   2018-09-17T12:07:57.52-0400 [STG/0] OUT [1m[31m----->[0m[22m [1m[34mJava Buildpack[0m[22m [34m47762df[0m | https://github.com/AH7/java-buildpack/#47762df
   2018-09-17T12:07:57.80-0400 [STG/0] OUT [1m[31m----->[0m[22m Downloading [1m[34mJvmkill Agent[0m[22m [34m1.16.0_RELEASE[0m from https://java-buildpack.cloudfoundry.org/jvmkill/trusty/x86_64/jvmkill-1.16.0_RELEASE.so [3m[32m(0.0s)[0m[23m
   2018-09-17T12:07:58.28-0400 [STG/0] OUT [1m[31m----->[0m[22m Downloading [1m[34mOpen Jdk JRE[0m[22m [34m1.8.0_181[0m from https://java-buildpack.cloudfoundry.org/openjdk/trusty/x86_64/openjdk-1.8.0_181.tar.gz [3m[32m(0.4s)[0m[23m
   2018-09-17T12:07:59.62-0400 [STG/0] OUT        Expanding Open Jdk JRE to .java-buildpack/open_jdk_jre [3m[32m(1.3s)[0m[23m
   2018-09-17T12:07:59.62-0400 [STG/0] OUT        JVM DNS caching disabled in lieu of BOSH DNS caching
   2018-09-17T12:07:59.67-0400 [STG/0] OUT [1m[31m----->[0m[22m Downloading [1m[34mOpen JDK Like Memory Calculator[0m[22m [34m3.13.0_RELEASE[0m from https://java-buildpack.cloudfoundry.org/memory-calculator/trusty/x86_64/memory-calculator-3.13.0_RELEASE.tar.gz [3m[32m(0.0s)[0m[23m
   2018-09-17T12:08:00.12-0400 [STG/0] OUT        Loaded Classes: 10097, Threads: 250
   2018-09-17T12:08:00.16-0400 [STG/0] OUT [1m[31m----->[0m[22m Downloading [1m[34mClient Certificate Mapper[0m[22m [34m1.8.0_RELEASE[0m from https://java-buildpack.cloudfoundry.org/client-certificate-mapper/client-certificate-mapper-1.8.0_RELEASE.jar [3m[32m(0.0s)[0m[23m
   2018-09-17T12:08:00.21-0400 [STG/0] OUT [1m[31m----->[0m[22m Downloading [1m[34mContainer Security Provider[0m[22m [34m1.16.0_RELEASE[0m from https://java-buildpack.cloudfoundry.org/container-security-provider/container-security-provider-1.16.0_RELEASE.jar [3m[32m(0.0s)[0m[23m
   [31m2018-09-17T12:08:00.21-0400 [STG/0] ERR [Buildpack]                      ERROR Finalize failed with exception #<TypeError: no implicit conversion of nil into String>[0m
   [31m2018-09-17T12:08:00.21-0400 [STG/0] ERR no implicit conversion of nil into String[0m
   [31m2018-09-17T12:08:00.22-0400 [STG/0] ERR Failed to compile droplet: Failed to run finalize script: exit status 1[0m
   2018-09-17T12:08:00.25-0400 [STG/0] OUT Exit status 223
   2018-09-17T12:08:00.73-0400 [STG/0] OUT Cell 79f5396a-4d50-4880-91c5-fb071bafc57e stopping instance 7a39295c-fd37-478e-8521-5ea3f81f4b3d
   2018-09-17T12:08:00.73-0400 [STG/0] OUT Cell 79f5396a-4d50-4880-91c5-fb071bafc57e destroying container for instance 7a39295c-fd37-478e-8521-5ea3f81f4b3d
   2018-09-17T12:08:01.61-0400 [STG/0] OUT Cell 79f5396a-4d50-4880-91c5-fb071bafc57e successfully destroyed container for instance 7a39295c-fd37-478e-8521-5ea3f81f4b3d
